<?xml version="1.0" encoding="UTF-8"?>
<testsuite xmlns:xsi="http://www.w3.org/2001/XMLSchema-instance" xsi:noNamespaceSchemaLocation="https://maven.apache.org/surefire/maven-surefire-plugin/xsd/surefire-test-report-3.0.xsd" version="3.0" name="TestSuite" time="0.938" tests="3" errors="0" skipped="0" failures="0">
  <properties>
[...]
</properties>
  <testcase name="sample1" classname="test.pac.Test2" time="0.013">
    <system-out><![CDATA[Hello! I am sample1..
]]></system-out>
    <system-err><![CDATA[SLF4J: Failed to load class "org.slf4j.impl.StaticLoggerBinder".
SLF4J: Defaulting to no-operation (NOP) logger implementation
SLF4J: See http://www.slf4j.org/codes.html#StaticLoggerBinder for further details.
]]></system-err>
  </testcase>
  <testcase name="example1" classname="test.pac.Test3" time="0.004">
    <system-out><![CDATA[Hello! I am example 1..
]]></system-out>
  </testcase>
  <testcase name="Test" classname="test.pac.TestClass" time="0.008">
    <system-out><![CDATA[Hello! I am Rameshri..
]]></system-out>
  </testcase>
</testsuite>