<?xml version="1.0" encoding="UTF-8"?>
<testng-results ignored="0" total="3" passed="3" failed="0" skipped="0">
  <reporter-output>
  </reporter-output>
  <suite started-at="2025-07-31T14:50:05 IST" name="Surefire suite" finished-at="2025-07-31T14:50:06 IST" duration-ms="91">
    <groups>
    </groups>
    <test started-at="2025-07-31T14:50:05 IST" name="Surefire test" finished-at="2025-07-31T14:50:06 IST" duration-ms="91">
      <class name="test.pac.TestClass">
        <test-method signature="Test()[pri:0, instance:test.pac.TestClass@5a63f509]" started-at="2025-07-31T14:50:06 IST" name="Test" finished-at="2025-07-31T14:50:06 IST" duration-ms="1" status="PASS">
          <reporter-output>
          </reporter-output>
        </test-method> <!-- Test -->
      </class> <!-- test.pac.TestClass -->
      <class name="test.pac.Test3">
        <test-method signature="example1()[pri:0, instance:test.pac.Test3@29626d54]" started-at="2025-07-31T14:50:05 IST" name="example1" finished-at="2025-07-31T14:50:06 IST" duration-ms="1" status="PASS">
          <reporter-output>
          </reporter-output>
        </test-method> <!-- example1 -->
      </class> <!-- test.pac.Test3 -->
      <class name="test.pac.Test2">
        <test-method signature="sample1()[pri:0, instance:test.pac.Test2@703580bf]" started-at="2025-07-31T14:50:05 IST" name="sample1" finished-at="2025-07-31T14:50:05 IST" duration-ms="11" status="PASS">
          <reporter-output>
          </reporter-output>
        </test-method> <!-- sample1 -->
      </class> <!-- test.pac.Test2 -->
    </test> <!-- Surefire test -->
  </suite> <!-- Surefire suite -->
</testng-results>
