<?xml version="1.0" encoding="UTF-8"?>
<testng-results ignored="0" total="3" passed="3" failed="0" skipped="0">
  <reporter-output>
  </reporter-output>
  <suite started-at="2025-07-31T14:49:18 IST" name="Suite" finished-at="2025-07-31T14:49:18 IST" duration-ms="148">
    <groups>
    </groups>
    <test started-at="2025-07-31T14:49:18 IST" name="Test" finished-at="2025-07-31T14:49:18 IST" duration-ms="148">
      <class name="test.pac.TestClass">
        <test-method signature="Test()[pri:0, instance:test.pac.TestClass@662ac478]" started-at="2025-07-31T14:49:18 IST" name="Test" finished-at="2025-07-31T14:49:18 IST" duration-ms="6" status="PASS">
          <reporter-output>
          </reporter-output>
        </test-method> <!-- Test -->
      </class> <!-- test.pac.TestClass -->
      <class name="test.pac.Test3">
        <test-method signature="example1()[pri:0, instance:test.pac.Test3@5aa9e4eb]" started-at="2025-07-31T14:49:18 IST" name="example1" finished-at="2025-07-31T14:49:18 IST" duration-ms="20" status="PASS">
          <reporter-output>
          </reporter-output>
        </test-method> <!-- example1 -->
      </class> <!-- test.pac.Test3 -->
      <class name="test.pac.Test2">
        <test-method signature="sample1()[pri:0, instance:test.pac.Test2@31190526]" started-at="2025-07-31T14:49:18 IST" name="sample1" finished-at="2025-07-31T14:49:18 IST" duration-ms="5" status="PASS">
          <reporter-output>
          </reporter-output>
        </test-method> <!-- sample1 -->
      </class> <!-- test.pac.Test2 -->
    </test> <!-- Test -->
  </suite> <!-- Suite -->
</testng-results>
